[2025-05-22T08:16:56.612339+00:00] UB$.INFO: Dépense ajoutée {"userId":30,"amount":41341.0,"type":2,"newBalance":86671572.0} []
[2025-05-22T08:16:56.715638+00:00] UB$.INFO: Économie mise à jour {"userId":30,"finalBalance":86671572.0} []
[2025-05-22T08:19:09.815580+00:00] UB$.INFO: Dépense ajoutée {"userId":32,"amount":123.0,"type":1,"newBalance":46147.0} []
[2025-05-22T08:19:09.879289+00:00] UB$.INFO: Économie mise à jour {"userId":32,"finalBalance":46147.0} []
[2025-05-22T08:21:21.680423+00:00] UB$.INFO: Dépense ajoutée {"userId":30,"spendType":6,"amount":46322.0,"oldBalance":86671572.0,"newBalance":86625250.0} []
[2025-05-22T08:21:21.736631+00:00] UB$.INFO: Économie mise à jour {"userId":30,"oldBalance":86671572.0,"newBalance":86625250.0} []
[2025-05-22T08:21:56.921647+00:00] UB$.INFO: Dépense ajoutée {"userId":30,"spendType":10,"amount":1343151.0,"oldBalance":86625250.0,"newBalance":85282099.0} []
[2025-05-22T08:21:56.971248+00:00] UB$.INFO: Économie mise à jour {"userId":30,"oldBalance":86625250.0,"newBalance":85282099.0} []
[2025-05-22T08:26:05.892554+00:00] UB$.INFO: Dépense ajoutée {"userId":30,"spendType":5,"amount":9875.0,"oldBalance":85282099.0,"newBalance":85272224.0} []
[2025-05-22T08:26:05.959934+00:00] UB$.INFO: Économie mise à jour {"userId":30,"oldBalance":85282099.0,"newBalance":85272224.0} []
[2025-05-22T08:26:57.965776+00:00] UB$.INFO: Dépense ajoutée {"userId":30,"amount":654.0,"type":4,"newBalance":85271570.0} []
[2025-05-22T08:26:58.029187+00:00] UB$.INFO: Économie mise à jour {"userId":30,"finalBalance":85271570.0} []
[2025-05-22T08:28:24.570131+00:00] UB$.INFO: Dépense ajoutée {"userId":30,"amount":8763.0,"type":7,"newBalance":85262807.0} []
[2025-05-22T08:28:24.635708+00:00] UB$.INFO: Économie mise à jour {"userId":30,"finalBalance":85262807.0} []
[2025-05-22T08:29:52.332621+00:00] UB$.INFO: Dépense ajoutée {"userId":30,"spendType":3,"amount":342352.0,"oldBalance":85262807.0,"newBalance":84920455.0} []
[2025-05-22T08:29:52.399804+00:00] UB$.INFO: Économie mise à jour {"userId":30,"oldBalance":85262807.0,"newBalance":84920455.0} []
[2025-05-22T08:30:45.410024+00:00] UB$.INFO: Dépense ajoutée {"userId":30,"spendType":2,"amount":542352.0,"oldBalance":84920455.0,"newBalance":84378103.0} []
[2025-05-22T08:30:45.476271+00:00] UB$.INFO: Économie mise à jour {"userId":30,"oldBalance":84920455.0,"newBalance":84378103.0} []
[2025-05-22T08:37:27.205796+00:00] UB$.INFO: Argent ajouté {"userId":30,"amount":123.0,"oldBalance":84378103.0,"newBalance":84378226.0} []
[2025-05-22T08:37:27.242609+00:00] UB$.INFO: Économie mise à jour {"userId":30,"oldBalance":84378103.0,"newBalance":84378226.0} []
